[ 14%] Built target robot_news_station
[ 28%] Built target add_two_ints_server
[ 42%] Built target add_two_ints_client_no_oop
[ 57%] Built target smartphone
[ 85%] Built target add_two_ints_client
[ 85%] Built target cpp_node
[ 92%] [32mBuilding CXX object CMakeFiles/hardware_status_publisher.dir/src/hardware_status_publisher.cpp.o[0m
[01m[K/home/gaetano/Documents/Udemy_Ros/ros2_ws/src/my_cpp_pkg/src/hardware_status_publisher.cpp:7:29:[m[K [01;31m[Kerror: [m[KISO C++ forbids declaration of â€˜[01m[KHardwareStatusPublisher[m[Kâ€™ with no type [[01;31m[K-fpermissive[m[K]
    7 |     HardwareStatusPublisher([01;31m[K)[m[K : Node("hardware_status")
      |                             [01;31m[K^[m[K
[01m[K/home/gaetano/Documents/Udemy_Ros/ros2_ws/src/my_cpp_pkg/src/hardware_status_publisher.cpp:[m[K In member function â€˜[01m[Kint HardwareStatusPublisherNode::HardwareStatusPublisher()[m[Kâ€™:
[01m[K/home/gaetano/Documents/Udemy_Ros/ros2_ws/src/my_cpp_pkg/src/hardware_status_publisher.cpp:7:33:[m[K [01;31m[Kerror: [m[Konly constructors take member initializers
    7 |     HardwareStatusPublisher() : [01;31m[KNode[m[K("hardware_status")
      |                                 [01;31m[K^~~~[m[K
[01m[K/home/gaetano/Documents/Udemy_Ros/ros2_ws/src/my_cpp_pkg/src/hardware_status_publisher.cpp:12:49:[m[K [01;31m[Kerror: [m[Kâ€˜[01m[KHardwareStatusPublisher[m[Kâ€™ is not a class, namespace, or enumeration
   12 |             std::chrono::seconds(1), std::bind(&[01;31m[KHardwareStatusPublisher[m[K::publishHardwareStatus, this));
      |                                                 [01;31m[K^~~~~~~~~~~~~~~~~~~~~~~[m[K
[01m[K/home/gaetano/Documents/Udemy_Ros/ros2_ws/src/my_cpp_pkg/src/hardware_status_publisher.cpp:14:5:[m[K [01;35m[Kwarning: [m[Kno return statement in function returning non-void [[01;35m[K-Wreturn-type[m[K]
   14 |     [01;35m[K}[m[K
      |     [01;35m[K^[m[K
[01m[K/home/gaetano/Documents/Udemy_Ros/ros2_ws/src/my_cpp_pkg/src/hardware_status_publisher.cpp:[m[K In function â€˜[01m[Kint main(int, char**)[m[Kâ€™:
[01m[K/home/gaetano/Documents/Udemy_Ros/ros2_ws/src/my_cpp_pkg/src/hardware_status_publisher.cpp:33:34:[m[K [01;31m[Kerror: [m[Kâ€˜[01m[KHardwareStatusPublisher[m[Kâ€™ was not declared in this scope; did you mean â€˜[01m[KHardwareStatusPublisherNode[m[Kâ€™?
   33 |     auto node = std::make_shared<[01;31m[KHardwareStatusPublisher[m[K>();
      |                                  [01;31m[K^~~~~~~~~~~~~~~~~~~~~~~[m[K
      |                                  [32m[KHardwareStatusPublisherNode[m[K
[01m[K/home/gaetano/Documents/Udemy_Ros/ros2_ws/src/my_cpp_pkg/src/hardware_status_publisher.cpp:33:59:[m[K [01;31m[Kerror: [m[Kno matching function for call to â€˜[01m[Kmake_shared<<expression error> >()[m[Kâ€™
   33 |     auto node = std::make_shared<HardwareStatusPublisher>([01;31m[K)[m[K;
      |                                                           [01;31m[K^[m[K
In file included from [01m[K/usr/include/c++/9/memory:81[m[K,
                 from [01m[K/opt/ros/foxy/include/rclcpp/rclcpp.hpp:144[m[K,
                 from [01m[K/home/gaetano/Documents/Udemy_Ros/ros2_ws/src/my_cpp_pkg/src/hardware_status_publisher.cpp:1[m[K:
[01m[K/usr/include/c++/9/bits/shared_ptr.h:714:5:[m[K [01;36m[Knote: [m[Kcandidate: â€˜[01m[Ktemplate<class _Tp, class ... _Args> std::shared_ptr<_Tp> std::make_shared(_Args&& ...)[m[Kâ€™
  714 |     [01;36m[Kmake_shared[m[K(_Args&&... __args)
      |     [01;36m[K^~~~~~~~~~~[m[K
[01m[K/usr/include/c++/9/bits/shared_ptr.h:714:5:[m[K [01;36m[Knote: [m[K  template argument deduction/substitution failed:
[01m[K/home/gaetano/Documents/Udemy_Ros/ros2_ws/src/my_cpp_pkg/src/hardware_status_publisher.cpp:33:59:[m[K [01;31m[Kerror: [m[Ktemplate argument 1 is invalid
   33 |     auto node = std::make_shared<HardwareStatusPublisher>([01;31m[K)[m[K;
      |                                                           [01;31m[K^[m[K
make[2]: *** [CMakeFiles/hardware_status_publisher.dir/build.make:76: CMakeFiles/hardware_status_publisher.dir/src/hardware_status_publisher.cpp.o] Error 1
make[1]: *** [CMakeFiles/Makefile2:305: CMakeFiles/hardware_status_publisher.dir/all] Error 2
make: *** [Makefile:146: all] Error 2
