<?xml version="1.0" encoding="UTF-8"?>
<Site BuildName="(empty)"
	BuildStamp="20230918-1645-Experimental"
	Name="savage"
	Generator="ctest-3.27.2"
	CompilerName="/usr/bin/g++-10"
	CompilerVersion="10.5.0"
	OSName="Linux"
	Hostname="savage"
	OSRelease="5.15.0-83-generic"
	OSVersion="#92~20.04.1-Ubuntu SMP Mon Aug 21 14:00:49 UTC 2023"
	OSPlatform="x86_64"
	Is64Bits="1"
	VendorString="GenuineIntel"
	VendorID="Intel Corporation"
	FamilyID="6"
	ModelID="154"
	ProcessorCacheSize="24576"
	NumberOfLogicalCPU="20"
	NumberOfPhysicalCPU="14"
	TotalVirtualMemory="8191"
	TotalPhysicalMemory="31783"
	LogicalProcessorsPerPhysical="1"
	ProcessorClockFrequency="2900"
	>
	<Testing>
		<StartDateTime>Sep 18 09:48 PDT</StartDateTime>
		<StartTestTime>1695055689</StartTestTime>
		<TestList/>
		<EndDateTime>Sep 18 09:48 PDT</EndDateTime>
		<EndTestTime>1695055689</EndTestTime>
		<ElapsedMinutes>0</ElapsedMinutes>
	</Testing>
</Site>
